<?xml version="1.0" encoding="UTF-8"?>
<testsuite xmlns:xsi="http://www.w3.org/2001/XMLSchema-instance" xsi:noNamespaceSchemaLocation="https://maven.apache.org/surefire/maven-surefire-plugin/xsd/surefire-test-report.xsd" name="org.example.AppTest" time="0.041" tests="1" errors="0" skipped="0" failures="0">
  <properties>
    <property name="java.specification.version" value="15"/>
    <property name="sun.cpu.isalist" value="amd64"/>
    <property name="sun.jnu.encoding" value="Cp1252"/>
    <property name="java.class.path" value="D:\Documents\tutorials\FreshEmbeddedOSGi\SampleProvider\target\test-classes;D:\Documents\tutorials\FreshEmbeddedOSGi\SampleProvider\target\classes;C:\Users\craig.irvine\.m2\repository\junit\junit\4.11\junit-4.11.jar;C:\Users\craig.irvine\.m2\repository\org\hamcrest\hamcrest-core\1.3\hamcrest-core-1.3.jar;D:\Documents\tutorials\FreshEmbeddedOSGi\SampleInterface\target\SampleInterface-1.0-SNAPSHOT.jar;C:\Users\craig.irvine\.m2\repository\org\apache\felix\org.apache.felix.main\6.0.3\org.apache.felix.main-6.0.3.jar;C:\Users\craig.irvine\.m2\repository\org\apache\felix\org.apache.felix.framework\6.0.3\org.apache.felix.framework-6.0.3.jar;C:\Users\craig.irvine\.m2\repository\org\codehaus\mojo\animal-sniffer-annotations\1.9\animal-sniffer-annotations-1.9.jar;"/>
    <property name="java.vm.vendor" value="Oracle Corporation"/>
    <property name="sun.arch.data.model" value="64"/>
    <property name="user.variant" value=""/>
    <property name="java.vendor.url" value="https://java.oracle.com/"/>
    <property name="user.timezone" value="Europe/London"/>
    <property name="os.name" value="Windows 10"/>
    <property name="java.vm.specification.version" value="15"/>
    <property name="sun.java.launcher" value="SUN_STANDARD"/>
    <property name="user.country" value="GB"/>
    <property name="sun.boot.library.path" value="C:\Users\craig.irvine\.jdks\openjdk-15\bin"/>
    <property name="sun.java.command" value="C:\Users\CRAIG~1.IRV\AppData\Local\Temp\surefire13896271803192984942\surefirebooter5730444083825177820.jar C:\Users\craig.irvine\AppData\Local\Temp\surefire13896271803192984942 2020-11-03T16-12-08_049-jvmRun1 surefire726550303867047869tmp surefire_1208987331823752457tmp"/>
    <property name="jdk.debug" value="release"/>
    <property name="surefire.test.class.path" value="D:\Documents\tutorials\FreshEmbeddedOSGi\SampleProvider\target\test-classes;D:\Documents\tutorials\FreshEmbeddedOSGi\SampleProvider\target\classes;C:\Users\craig.irvine\.m2\repository\junit\junit\4.11\junit-4.11.jar;C:\Users\craig.irvine\.m2\repository\org\hamcrest\hamcrest-core\1.3\hamcrest-core-1.3.jar;D:\Documents\tutorials\FreshEmbeddedOSGi\SampleInterface\target\SampleInterface-1.0-SNAPSHOT.jar;C:\Users\craig.irvine\.m2\repository\org\apache\felix\org.apache.felix.main\6.0.3\org.apache.felix.main-6.0.3.jar;C:\Users\craig.irvine\.m2\repository\org\apache\felix\org.apache.felix.framework\6.0.3\org.apache.felix.framework-6.0.3.jar;C:\Users\craig.irvine\.m2\repository\org\codehaus\mojo\animal-sniffer-annotations\1.9\animal-sniffer-annotations-1.9.jar;"/>
    <property name="sun.cpu.endian" value="little"/>
    <property name="user.home" value="C:\Users\craig.irvine"/>
    <property name="user.language" value="en"/>
    <property name="java.specification.vendor" value="Oracle Corporation"/>
    <property name="java.version.date" value="2020-09-15"/>
    <property name="java.home" value="C:\Users\craig.irvine\.jdks\openjdk-15"/>
    <property name="file.separator" value="\"/>
    <property name="basedir" value="D:\Documents\tutorials\FreshEmbeddedOSGi\SampleProvider"/>
    <property name="java.vm.compressedOopsMode" value="Zero based"/>
    <property name="line.separator" value="&#10;"/>
    <property name="java.vm.specification.vendor" value="Oracle Corporation"/>
    <property name="java.specification.name" value="Java Platform API Specification"/>
    <property name="surefire.real.class.path" value="C:\Users\CRAIG~1.IRV\AppData\Local\Temp\surefire13896271803192984942\surefirebooter5730444083825177820.jar"/>
    <property name="user.script" value=""/>
    <property name="sun.management.compiler" value="HotSpot 64-Bit Tiered Compilers"/>
    <property name="java.runtime.version" value="15+36-1562"/>
    <property name="user.name" value="craig.irvine"/>
    <property name="path.separator" value=";"/>
    <property name="os.version" value="10.0"/>
    <property name="java.runtime.name" value="OpenJDK Runtime Environment"/>
    <property name="file.encoding" value="Cp1252"/>
    <property name="java.vm.name" value="OpenJDK 64-Bit Server VM"/>
    <property name="localRepository" value="C:\Users\craig.irvine\.m2\repository"/>
    <property name="java.vendor.url.bug" value="https://bugreport.java.com/bugreport/"/>
    <property name="java.io.tmpdir" value="C:\Users\CRAIG~1.IRV\AppData\Local\Temp\"/>
    <property name="idea.version" value="2020.2.3"/>
    <property name="java.version" value="15"/>
    <property name="user.dir" value="D:\Documents\tutorials\FreshEmbeddedOSGi\SampleProvider"/>
    <property name="os.arch" value="amd64"/>
    <property name="java.vm.specification.name" value="Java Virtual Machine Specification"/>
    <property name="sun.os.patch.level" value=""/>
    <property name="java.library.path" value="C:\Users\craig.irvine\.jdks\openjdk-15\bin;C:\WINDOWS\Sun\Java\bin;C:\WINDOWS\system32;C:\WINDOWS;C:\WINDOWS\system32;C:\WINDOWS;C:\WINDOWS\System32\Wbem;C:\WINDOWS\System32\WindowsPowerShell\v1.0\;C:\Program Files (x86)\Intel\Services\IPT\;C:\Program Files\Dell\Dell Data Protection\Access\Advanced\Wave\Gemalto\Access Client\v5\;C:\Program Files (x86)\Security Innovation\SI TSS\bin\;C:\Program Files\VDownloader;C:\Program Files\TortoiseSVN\bin;C:\WINDOWS\System32\OpenSSH\;D:\Programs\Amazon\;D:\Programs\PostgreSQL\12\bin;D:\Programs\PostgreSQL\12\lib;C:\Program Files\Git\cmd;D:\Programs\apache-maven-3.6.3\bin;C:\Program Files\Java\jdk1.8.0_111\bin;D:\Programs\felix-framework-6.0.3\bin\felix.jar;C:\Users\craig.irvine\AppData\Local\Microsoft\WindowsApps;C:\Users\craig.irvine\AppData\Local\GitHubDesktop\bin;."/>
    <property name="java.vm.info" value="mixed mode, sharing"/>
    <property name="java.vendor" value="Oracle Corporation"/>
    <property name="java.vm.version" value="15+36-1562"/>
    <property name="sun.io.unicode.encoding" value="UnicodeLittle"/>
    <property name="java.class.version" value="59.0"/>
  </properties>
  <testcase name="shouldAnswerWithTrue" classname="org.example.AppTest" time="0.001"/>
</testsuite>